<?xml version="1.0" encoding="UTF-8"?>
<testng-results skipped="0" failed="0" total="1" passed="1">
  <reporter-output>
  </reporter-output>
  <suite name="Default suite" duration-ms="56999" started-at="2017-02-03T12:40:22Z" finished-at="2017-02-03T12:41:19Z">
    <groups>
    </groups>
    <test name="Default test" duration-ms="56999" started-at="2017-02-03T12:40:22Z" finished-at="2017-02-03T12:41:19Z">
      <class name="test.MainClass">
        <test-method status="PASS" signature="logInTest()[pri:0, instance:test.MainClass@61832929]" name="logInTest" duration-ms="56966" started-at="2017-02-03T18:10:22Z" finished-at="2017-02-03T18:11:19Z">
          <reporter-output>
          </reporter-output>
        </test-method> <!-- logInTest -->
      </class> <!-- test.MainClass -->
    </test> <!-- Default test -->
  </suite> <!-- Default suite -->
</testng-results>
